<?xml version="1.0" encoding="UTF-8"?>
<testsuite name="Cucumber" time="82.575" tests="5" skipped="0" failures="1" errors="0" timestamp="2025-11-11T11:40:00.513934500Z">
<testcase classname="Login with single user from Excel" name="Check login is successful with valid creds" time="12.167">
<system-out><![CDATA[
Given User reads credentials from Excel file................................passed
When User enters username as "standard_user" and password as "secret_sauce".passed
And Clicks on Login button..................................................passed
Then User should be logged in successfully..................................passed
When User adds product to the cart..........................................passed
And User should see in the cart.............................................passed
]]></system-out>
</testcase>
<testcase classname="Login with single user from Excel" name="Successful login with multiple users - #1.1" time="11.522">
<system-out><![CDATA[
Given User reads credentials from Excel file................................passed
When User enters username as "standard_user" and password as "secret_sauce".passed
And Clicks on Login button..................................................passed
Then User should be logged in successfully..................................passed
When User adds product to the cart..........................................passed
And User should see in the cart.............................................passed
]]></system-out>
</testcase>
<testcase classname="Login with single user from Excel" name="Successful login with multiple users - #1.2" time="29.642">
<failure type="org.openqa.selenium.NoSuchElementException" message="no such element: Unable to locate element: {&quot;method&quot;:&quot;xpath&quot;,&quot;selector&quot;:&quot;//button[contains(@data-test, 'add-to-cart-sauce-labs-backpack')]&quot;}
  (Session info: chrome=142.0.7444.135)
For documentation on this error, please visit: https://www.selenium.dev/documentation/webdriver/troubleshooting/errors#nosuchelementexception
Build info: version: '4.38.0', revision: '6b412e825c*'
System info: os.name: 'Windows 11', os.arch: 'amd64', os.version: '10.0', java.version: '17.0.4.1'
Driver info: org.openqa.selenium.chrome.ChromeDriver
Command: [a0ce1f82a0722edd9df97920297e159c, findElement {value=//button[contains(@data-test, 'add-to-cart-sauce-labs-backpack')], using=xpath}]
Capabilities {acceptInsecureCerts: false, browserName: chrome, browserVersion: 142.0.7444.135, chrome: {chromedriverVersion: 142.0.7444.61 (9884f628acbc..., userDataDir: C:\Users\Audumbar\AppData\L...}, fedcm:accounts: true, goog:chromeOptions: {debuggerAddress: localhost:65403}, goog:processID: 8324, networkConnectionEnabled: false, pageLoadStrategy: normal, platformName: windows, proxy: Proxy(), se:cdp: ws://localhost:65403/devtoo..., se:cdpVersion: 142.0.7444.135, setWindowRect: true, strictFileInteractability: false, timeouts: {implicit: 0, pageLoad: 300000, script: 30000}, unhandledPromptBehavior: dismiss and notify, webauthn:extension:credBlob: true, webauthn:extension:largeBlob: true, webauthn:extension:minPinLength: true, webauthn:extension:prf: true, webauthn:virtualAuthenticators: true}
Session ID: a0ce1f82a0722edd9df97920297e159c">
<![CDATA[org.openqa.selenium.NoSuchElementException: no such element: Unable to locate element: {"method":"xpath","selector":"//button[contains(@data-test, 'add-to-cart-sauce-labs-backpack')]"}
  (Session info: chrome=142.0.7444.135)
For documentation on this error, please visit: https://www.selenium.dev/documentation/webdriver/troubleshooting/errors#nosuchelementexception
Build info: version: '4.38.0', revision: '6b412e825c*'
System info: os.name: 'Windows 11', os.arch: 'amd64', os.version: '10.0', java.version: '17.0.4.1'
Driver info: org.openqa.selenium.chrome.ChromeDriver
Command: [a0ce1f82a0722edd9df97920297e159c, findElement {value=//button[contains(@data-test, 'add-to-cart-sauce-labs-backpack')], using=xpath}]
Capabilities {acceptInsecureCerts: false, browserName: chrome, browserVersion: 142.0.7444.135, chrome: {chromedriverVersion: 142.0.7444.61 (9884f628acbc..., userDataDir: C:\Users\Audumbar\AppData\L...}, fedcm:accounts: true, goog:chromeOptions: {debuggerAddress: localhost:65403}, goog:processID: 8324, networkConnectionEnabled: false, pageLoadStrategy: normal, platformName: windows, proxy: Proxy(), se:cdp: ws://localhost:65403/devtoo..., se:cdpVersion: 142.0.7444.135, setWindowRect: true, strictFileInteractability: false, timeouts: {implicit: 0, pageLoad: 300000, script: 30000}, unhandledPromptBehavior: dismiss and notify, webauthn:extension:credBlob: true, webauthn:extension:largeBlob: true, webauthn:extension:minPinLength: true, webauthn:extension:prf: true, webauthn:virtualAuthenticators: true}
Session ID: a0ce1f82a0722edd9df97920297e159c
	at java.base/jdk.internal.reflect.NativeConstructorAccessorImpl.newInstance0(Native Method)
	at java.base/jdk.internal.reflect.NativeConstructorAccessorImpl.newInstance(NativeConstructorAccessorImpl.java:77)
	at java.base/jdk.internal.reflect.DelegatingConstructorAccessorImpl.newInstance(DelegatingConstructorAccessorImpl.java:45)
	at java.base/java.lang.reflect.Constructor.newInstanceWithCaller(Constructor.java:499)
	at java.base/java.lang.reflect.Constructor.newInstance(Constructor.java:480)
	at org.openqa.selenium.remote.ErrorCodec.decode(ErrorCodec.java:167)
	at org.openqa.selenium.remote.codec.w3c.W3CHttpResponseCodec.decode(W3CHttpResponseCodec.java:138)
	at org.openqa.selenium.remote.codec.w3c.W3CHttpResponseCodec.decode(W3CHttpResponseCodec.java:50)
	at org.openqa.selenium.remote.HttpCommandExecutor.execute(HttpCommandExecutor.java:215)
	at org.openqa.selenium.remote.service.DriverCommandExecutor.invokeExecute(DriverCommandExecutor.java:216)
	at org.openqa.selenium.remote.service.DriverCommandExecutor.execute(DriverCommandExecutor.java:174)
	at org.openqa.selenium.remote.RemoteWebDriver.execute(RemoteWebDriver.java:557)
	at org.openqa.selenium.remote.ElementLocation$ElementFinder$2.findElement(ElementLocation.java:165)
	at org.openqa.selenium.remote.ElementLocation.findElement(ElementLocation.java:59)
	at org.openqa.selenium.remote.RemoteWebDriver.findElement(RemoteWebDriver.java:380)
	at org.openqa.selenium.remote.RemoteWebDriver.findElement(RemoteWebDriver.java:374)
	at stepDefinations.LoginStepsDefination.user_adds_product_to_cart(LoginStepsDefination.java:100)
	at âœ½.User adds product to the cart(file:///C:/Users/Audumbar/eclipse-workspace/Milliman/src/test/resources/Features/login.feature:17)
]]>
</failure>
<system-out><![CDATA[
Given User reads credentials from Excel file................................passed
When User enters username as "locked_out_user" and password as "secret_sauce".passed
And Clicks on Login button..................................................passed
Then User should be logged in successfully..................................passed
When User adds product to the cart..........................................failed
And User should see in the cart.............................................skipped
]]></system-out>
</testcase>
<testcase classname="Login with single user from Excel" name="Successful login with multiple users - #1.3" time="10.795">
<system-out><![CDATA[
Given User reads credentials from Excel file................................passed
When User enters username as "problem_user" and password as "secret_sauce"..passed
And Clicks on Login button..................................................passed
Then User should be logged in successfully..................................passed
When User adds product to the cart..........................................passed
And User should see in the cart.............................................passed
]]></system-out>
</testcase>
<testcase classname="Login with single user from Excel" name="Successful login with multiple users - #1.4" time="18.016">
<system-out><![CDATA[
Given User reads credentials from Excel file................................passed
When User enters username as "performance_glitch_user" and password as "secret_sauce".passed
And Clicks on Login button..................................................passed
Then User should be logged in successfully..................................passed
When User adds product to the cart..........................................passed
And User should see in the cart.............................................passed
]]></system-out>
</testcase>
</testsuite>
